CRITICAL - 2024-08-23 07:04:04 --> CodeIgniter\View\Exceptions\ViewException: Invalid file: "ini controller coba.php"
[Method: GET, Route: coba]
in SYSTEMPATH/Exceptions/FrameworkException.php on line 41.
 1 SYSTEMPATH/View/View.php(222): CodeIgniter\Exceptions\FrameworkException::forInvalidFile('ini controller coba.php')
 2 SYSTEMPATH/Common.php(1169): CodeIgniter\View\View->render('ini controller coba', [], true)
 3 APPPATH/Controllers/Coba.php(10): view('ini controller coba')
 4 SYSTEMPATH/CodeIgniter.php(933): App\Controllers\Coba->coba()
 5 SYSTEMPATH/CodeIgniter.php(509): CodeIgniter\CodeIgniter->runController(Object(App\Controllers\Coba))
 6 SYSTEMPATH/CodeIgniter.php(355): CodeIgniter\CodeIgniter->handleRequest(null, Object(Config\Cache), false)
 7 SYSTEMPATH/Boot.php(325): CodeIgniter\CodeIgniter->run()
 8 SYSTEMPATH/Boot.php(67): CodeIgniter\Boot::runCodeIgniter(Object(CodeIgniter\CodeIgniter))
 9 FCPATH/index.php(56): CodeIgniter\Boot::bootWeb(Object(Config\Paths))
10 SYSTEMPATH/rewrite.php(44): require_once('/Applications/XAMPP/xamppfiles/htdocs/testlaciasmara/public/index.php')
CRITICAL - 2024-08-23 07:04:43 --> CodeIgniter\View\Exceptions\ViewException: Invalid file: "ini controller coba.php"
[Method: GET, Route: coba]
in SYSTEMPATH/Exceptions/FrameworkException.php on line 41.
 1 SYSTEMPATH/View/View.php(222): CodeIgniter\Exceptions\FrameworkException::forInvalidFile('ini controller coba.php')
 2 SYSTEMPATH/Common.php(1169): CodeIgniter\View\View->render('ini controller coba', [], true)
 3 APPPATH/Controllers/Coba.php(10): view('ini controller coba')
 4 SYSTEMPATH/CodeIgniter.php(933): App\Controllers\Coba->coba()
 5 SYSTEMPATH/CodeIgniter.php(509): CodeIgniter\CodeIgniter->runController(Object(App\Controllers\Coba))
 6 SYSTEMPATH/CodeIgniter.php(355): CodeIgniter\CodeIgniter->handleRequest(null, Object(Config\Cache), false)
 7 SYSTEMPATH/Boot.php(325): CodeIgniter\CodeIgniter->run()
 8 SYSTEMPATH/Boot.php(67): CodeIgniter\Boot::runCodeIgniter(Object(CodeIgniter\CodeIgniter))
 9 FCPATH/index.php(56): CodeIgniter\Boot::bootWeb(Object(Config\Paths))
10 SYSTEMPATH/rewrite.php(44): require_once('/Applications/XAMPP/xamppfiles/htdocs/testlaciasmara/public/index.php')
CRITICAL - 2024-08-23 07:04:44 --> CodeIgniter\View\Exceptions\ViewException: Invalid file: "ini controller coba.php"
[Method: GET, Route: coba]
in SYSTEMPATH/Exceptions/FrameworkException.php on line 41.
 1 SYSTEMPATH/View/View.php(222): CodeIgniter\Exceptions\FrameworkException::forInvalidFile('ini controller coba.php')
 2 SYSTEMPATH/Common.php(1169): CodeIgniter\View\View->render('ini controller coba', [], true)
 3 APPPATH/Controllers/Coba.php(10): view('ini controller coba')
 4 SYSTEMPATH/CodeIgniter.php(933): App\Controllers\Coba->coba()
 5 SYSTEMPATH/CodeIgniter.php(509): CodeIgniter\CodeIgniter->runController(Object(App\Controllers\Coba))
 6 SYSTEMPATH/CodeIgniter.php(355): CodeIgniter\CodeIgniter->handleRequest(null, Object(Config\Cache), false)
 7 SYSTEMPATH/Boot.php(325): CodeIgniter\CodeIgniter->run()
 8 SYSTEMPATH/Boot.php(67): CodeIgniter\Boot::runCodeIgniter(Object(CodeIgniter\CodeIgniter))
 9 FCPATH/index.php(56): CodeIgniter\Boot::bootWeb(Object(Config\Paths))
10 SYSTEMPATH/rewrite.php(44): require_once('/Applications/XAMPP/xamppfiles/htdocs/testlaciasmara/public/index.php')
CRITICAL - 2024-08-23 07:04:45 --> CodeIgniter\View\Exceptions\ViewException: Invalid file: "ini controller coba.php"
[Method: GET, Route: coba]
in SYSTEMPATH/Exceptions/FrameworkException.php on line 41.
 1 SYSTEMPATH/View/View.php(222): CodeIgniter\Exceptions\FrameworkException::forInvalidFile('ini controller coba.php')
 2 SYSTEMPATH/Common.php(1169): CodeIgniter\View\View->render('ini controller coba', [], true)
 3 APPPATH/Controllers/Coba.php(10): view('ini controller coba')
 4 SYSTEMPATH/CodeIgniter.php(933): App\Controllers\Coba->coba()
 5 SYSTEMPATH/CodeIgniter.php(509): CodeIgniter\CodeIgniter->runController(Object(App\Controllers\Coba))
 6 SYSTEMPATH/CodeIgniter.php(355): CodeIgniter\CodeIgniter->handleRequest(null, Object(Config\Cache), false)
 7 SYSTEMPATH/Boot.php(325): CodeIgniter\CodeIgniter->run()
 8 SYSTEMPATH/Boot.php(67): CodeIgniter\Boot::runCodeIgniter(Object(CodeIgniter\CodeIgniter))
 9 FCPATH/index.php(56): CodeIgniter\Boot::bootWeb(Object(Config\Paths))
10 SYSTEMPATH/rewrite.php(44): require_once('/Applications/XAMPP/xamppfiles/htdocs/testlaciasmara/public/index.php')
CRITICAL - 2024-08-23 07:04:46 --> CodeIgniter\View\Exceptions\ViewException: Invalid file: "ini controller coba.php"
[Method: GET, Route: coba]
in SYSTEMPATH/Exceptions/FrameworkException.php on line 41.
 1 SYSTEMPATH/View/View.php(222): CodeIgniter\Exceptions\FrameworkException::forInvalidFile('ini controller coba.php')
 2 SYSTEMPATH/Common.php(1169): CodeIgniter\View\View->render('ini controller coba', [], true)
 3 APPPATH/Controllers/Coba.php(10): view('ini controller coba')
 4 SYSTEMPATH/CodeIgniter.php(933): App\Controllers\Coba->coba()
 5 SYSTEMPATH/CodeIgniter.php(509): CodeIgniter\CodeIgniter->runController(Object(App\Controllers\Coba))
 6 SYSTEMPATH/CodeIgniter.php(355): CodeIgniter\CodeIgniter->handleRequest(null, Object(Config\Cache), false)
 7 SYSTEMPATH/Boot.php(325): CodeIgniter\CodeIgniter->run()
 8 SYSTEMPATH/Boot.php(67): CodeIgniter\Boot::runCodeIgniter(Object(CodeIgniter\CodeIgniter))
 9 FCPATH/index.php(56): CodeIgniter\Boot::bootWeb(Object(Config\Paths))
10 SYSTEMPATH/rewrite.php(44): require_once('/Applications/XAMPP/xamppfiles/htdocs/testlaciasmara/public/index.php')
CRITICAL - 2024-08-23 07:06:29 --> CodeIgniter\View\Exceptions\ViewException: Invalid file: "ini_controller_coba.php"
[Method: GET, Route: coba]
in SYSTEMPATH/Exceptions/FrameworkException.php on line 41.
 1 SYSTEMPATH/View/View.php(222): CodeIgniter\Exceptions\FrameworkException::forInvalidFile('ini_controller_coba.php')
 2 SYSTEMPATH/Common.php(1169): CodeIgniter\View\View->render('ini_controller_coba', [], true)
 3 APPPATH/Controllers/Coba.php(11): view('ini_controller_coba')
 4 SYSTEMPATH/CodeIgniter.php(933): App\Controllers\Coba->coba()
 5 SYSTEMPATH/CodeIgniter.php(509): CodeIgniter\CodeIgniter->runController(Object(App\Controllers\Coba))
 6 SYSTEMPATH/CodeIgniter.php(355): CodeIgniter\CodeIgniter->handleRequest(null, Object(Config\Cache), false)
 7 SYSTEMPATH/Boot.php(325): CodeIgniter\CodeIgniter->run()
 8 SYSTEMPATH/Boot.php(67): CodeIgniter\Boot::runCodeIgniter(Object(CodeIgniter\CodeIgniter))
 9 FCPATH/index.php(56): CodeIgniter\Boot::bootWeb(Object(Config\Paths))
10 SYSTEMPATH/rewrite.php(44): require_once('/Applications/XAMPP/xamppfiles/htdocs/testlaciasmara/public/index.php')
CRITICAL - 2024-08-23 07:06:30 --> CodeIgniter\View\Exceptions\ViewException: Invalid file: "ini_controller_coba.php"
[Method: GET, Route: coba]
in SYSTEMPATH/Exceptions/FrameworkException.php on line 41.
 1 SYSTEMPATH/View/View.php(222): CodeIgniter\Exceptions\FrameworkException::forInvalidFile('ini_controller_coba.php')
 2 SYSTEMPATH/Common.php(1169): CodeIgniter\View\View->render('ini_controller_coba', [], true)
 3 APPPATH/Controllers/Coba.php(11): view('ini_controller_coba')
 4 SYSTEMPATH/CodeIgniter.php(933): App\Controllers\Coba->coba()
 5 SYSTEMPATH/CodeIgniter.php(509): CodeIgniter\CodeIgniter->runController(Object(App\Controllers\Coba))
 6 SYSTEMPATH/CodeIgniter.php(355): CodeIgniter\CodeIgniter->handleRequest(null, Object(Config\Cache), false)
 7 SYSTEMPATH/Boot.php(325): CodeIgniter\CodeIgniter->run()
 8 SYSTEMPATH/Boot.php(67): CodeIgniter\Boot::runCodeIgniter(Object(CodeIgniter\CodeIgniter))
 9 FCPATH/index.php(56): CodeIgniter\Boot::bootWeb(Object(Config\Paths))
10 SYSTEMPATH/rewrite.php(44): require_once('/Applications/XAMPP/xamppfiles/htdocs/testlaciasmara/public/index.php')
CRITICAL - 2024-08-23 07:06:31 --> CodeIgniter\View\Exceptions\ViewException: Invalid file: "ini_controller_coba.php"
[Method: GET, Route: coba]
in SYSTEMPATH/Exceptions/FrameworkException.php on line 41.
 1 SYSTEMPATH/View/View.php(222): CodeIgniter\Exceptions\FrameworkException::forInvalidFile('ini_controller_coba.php')
 2 SYSTEMPATH/Common.php(1169): CodeIgniter\View\View->render('ini_controller_coba', [], true)
 3 APPPATH/Controllers/Coba.php(11): view('ini_controller_coba')
 4 SYSTEMPATH/CodeIgniter.php(933): App\Controllers\Coba->coba()
 5 SYSTEMPATH/CodeIgniter.php(509): CodeIgniter\CodeIgniter->runController(Object(App\Controllers\Coba))
 6 SYSTEMPATH/CodeIgniter.php(355): CodeIgniter\CodeIgniter->handleRequest(null, Object(Config\Cache), false)
 7 SYSTEMPATH/Boot.php(325): CodeIgniter\CodeIgniter->run()
 8 SYSTEMPATH/Boot.php(67): CodeIgniter\Boot::runCodeIgniter(Object(CodeIgniter\CodeIgniter))
 9 FCPATH/index.php(56): CodeIgniter\Boot::bootWeb(Object(Config\Paths))
10 SYSTEMPATH/rewrite.php(44): require_once('/Applications/XAMPP/xamppfiles/htdocs/testlaciasmara/public/index.php')
CRITICAL - 2024-08-23 07:50:47 --> ArgumentCountError: Too few arguments to function App\Controllers\Joufando::coba(), 0 passed in /Applications/XAMPP/xamppfiles/htdocs/testlaciasmara/vendor/codeigniter4/framework/system/CodeIgniter.php on line 933 and exactly 1 expected
[Method: GET, Route: joufando/]
in APPPATH/Controllers/Joufando.php on line 12.
 1 SYSTEMPATH/CodeIgniter.php(933): App\Controllers\Joufando->coba()
 2 SYSTEMPATH/CodeIgniter.php(509): CodeIgniter\CodeIgniter->runController(Object(App\Controllers\Joufando))
 3 SYSTEMPATH/CodeIgniter.php(355): CodeIgniter\CodeIgniter->handleRequest(null, Object(Config\Cache), false)
 4 SYSTEMPATH/Boot.php(325): CodeIgniter\CodeIgniter->run()
 5 SYSTEMPATH/Boot.php(67): CodeIgniter\Boot::runCodeIgniter(Object(CodeIgniter\CodeIgniter))
 6 FCPATH/index.php(56): CodeIgniter\Boot::bootWeb(Object(Config\Paths))
 7 SYSTEMPATH/rewrite.php(44): require_once('/Applications/XAMPP/xamppfiles/htdocs/testlaciasmara/public/index.php')
CRITICAL - 2024-08-23 07:50:50 --> ArgumentCountError: Too few arguments to function App\Controllers\Joufando::coba(), 0 passed in /Applications/XAMPP/xamppfiles/htdocs/testlaciasmara/vendor/codeigniter4/framework/system/CodeIgniter.php on line 933 and exactly 1 expected
[Method: GET, Route: joufando]
in APPPATH/Controllers/Joufando.php on line 12.
 1 SYSTEMPATH/CodeIgniter.php(933): App\Controllers\Joufando->coba()
 2 SYSTEMPATH/CodeIgniter.php(509): CodeIgniter\CodeIgniter->runController(Object(App\Controllers\Joufando))
 3 SYSTEMPATH/CodeIgniter.php(355): CodeIgniter\CodeIgniter->handleRequest(null, Object(Config\Cache), false)
 4 SYSTEMPATH/Boot.php(325): CodeIgniter\CodeIgniter->run()
 5 SYSTEMPATH/Boot.php(67): CodeIgniter\Boot::runCodeIgniter(Object(CodeIgniter\CodeIgniter))
 6 FCPATH/index.php(56): CodeIgniter\Boot::bootWeb(Object(Config\Paths))
 7 SYSTEMPATH/rewrite.php(44): require_once('/Applications/XAMPP/xamppfiles/htdocs/testlaciasmara/public/index.php')
CRITICAL - 2024-08-23 07:51:42 --> ArgumentCountError: Too few arguments to function App\Controllers\Joufando::coba(), 0 passed in /Applications/XAMPP/xamppfiles/htdocs/testlaciasmara/vendor/codeigniter4/framework/system/CodeIgniter.php on line 933 and exactly 1 expected
[Method: GET, Route: joufando]
in APPPATH/Controllers/Joufando.php on line 12.
 1 SYSTEMPATH/CodeIgniter.php(933): App\Controllers\Joufando->coba()
 2 SYSTEMPATH/CodeIgniter.php(509): CodeIgniter\CodeIgniter->runController(Object(App\Controllers\Joufando))
 3 SYSTEMPATH/CodeIgniter.php(355): CodeIgniter\CodeIgniter->handleRequest(null, Object(Config\Cache), false)
 4 SYSTEMPATH/Boot.php(325): CodeIgniter\CodeIgniter->run()
 5 SYSTEMPATH/Boot.php(67): CodeIgniter\Boot::runCodeIgniter(Object(CodeIgniter\CodeIgniter))
 6 FCPATH/index.php(56): CodeIgniter\Boot::bootWeb(Object(Config\Paths))
 7 SYSTEMPATH/rewrite.php(44): require_once('/Applications/XAMPP/xamppfiles/htdocs/testlaciasmara/public/index.php')
CRITICAL - 2024-08-23 07:51:42 --> ArgumentCountError: Too few arguments to function App\Controllers\Joufando::coba(), 0 passed in /Applications/XAMPP/xamppfiles/htdocs/testlaciasmara/vendor/codeigniter4/framework/system/CodeIgniter.php on line 933 and exactly 1 expected
[Method: GET, Route: joufando]
in APPPATH/Controllers/Joufando.php on line 12.
 1 SYSTEMPATH/CodeIgniter.php(933): App\Controllers\Joufando->coba()
 2 SYSTEMPATH/CodeIgniter.php(509): CodeIgniter\CodeIgniter->runController(Object(App\Controllers\Joufando))
 3 SYSTEMPATH/CodeIgniter.php(355): CodeIgniter\CodeIgniter->handleRequest(null, Object(Config\Cache), false)
 4 SYSTEMPATH/Boot.php(325): CodeIgniter\CodeIgniter->run()
 5 SYSTEMPATH/Boot.php(67): CodeIgniter\Boot::runCodeIgniter(Object(CodeIgniter\CodeIgniter))
 6 FCPATH/index.php(56): CodeIgniter\Boot::bootWeb(Object(Config\Paths))
 7 SYSTEMPATH/rewrite.php(44): require_once('/Applications/XAMPP/xamppfiles/htdocs/testlaciasmara/public/index.php')
CRITICAL - 2024-08-23 07:51:46 --> ArgumentCountError: Too few arguments to function App\Controllers\Joufando::coba(), 0 passed in /Applications/XAMPP/xamppfiles/htdocs/testlaciasmara/vendor/codeigniter4/framework/system/CodeIgniter.php on line 933 and exactly 1 expected
[Method: GET, Route: joufando/]
in APPPATH/Controllers/Joufando.php on line 12.
 1 SYSTEMPATH/CodeIgniter.php(933): App\Controllers\Joufando->coba()
 2 SYSTEMPATH/CodeIgniter.php(509): CodeIgniter\CodeIgniter->runController(Object(App\Controllers\Joufando))
 3 SYSTEMPATH/CodeIgniter.php(355): CodeIgniter\CodeIgniter->handleRequest(null, Object(Config\Cache), false)
 4 SYSTEMPATH/Boot.php(325): CodeIgniter\CodeIgniter->run()
 5 SYSTEMPATH/Boot.php(67): CodeIgniter\Boot::runCodeIgniter(Object(CodeIgniter\CodeIgniter))
 6 FCPATH/index.php(56): CodeIgniter\Boot::bootWeb(Object(Config\Paths))
 7 SYSTEMPATH/rewrite.php(44): require_once('/Applications/XAMPP/xamppfiles/htdocs/testlaciasmara/public/index.php')
CRITICAL - 2024-08-23 07:53:23 --> ArgumentCountError: Too few arguments to function App\Controllers\Joufando::coba(), 0 passed in /Applications/XAMPP/xamppfiles/htdocs/testlaciasmara/vendor/codeigniter4/framework/system/CodeIgniter.php on line 933 and exactly 1 expected
[Method: GET, Route: joufando/]
in APPPATH/Controllers/Joufando.php on line 12.
 1 SYSTEMPATH/CodeIgniter.php(933): App\Controllers\Joufando->coba()
 2 SYSTEMPATH/CodeIgniter.php(509): CodeIgniter\CodeIgniter->runController(Object(App\Controllers\Joufando))
 3 SYSTEMPATH/CodeIgniter.php(355): CodeIgniter\CodeIgniter->handleRequest(null, Object(Config\Cache), false)
 4 SYSTEMPATH/Boot.php(325): CodeIgniter\CodeIgniter->run()
 5 SYSTEMPATH/Boot.php(67): CodeIgniter\Boot::runCodeIgniter(Object(CodeIgniter\CodeIgniter))
 6 FCPATH/index.php(56): CodeIgniter\Boot::bootWeb(Object(Config\Paths))
 7 SYSTEMPATH/rewrite.php(44): require_once('/Applications/XAMPP/xamppfiles/htdocs/testlaciasmara/public/index.php')
CRITICAL - 2024-08-23 07:53:24 --> ArgumentCountError: Too few arguments to function App\Controllers\Joufando::coba(), 0 passed in /Applications/XAMPP/xamppfiles/htdocs/testlaciasmara/vendor/codeigniter4/framework/system/CodeIgniter.php on line 933 and exactly 1 expected
[Method: GET, Route: joufando/]
in APPPATH/Controllers/Joufando.php on line 12.
 1 SYSTEMPATH/CodeIgniter.php(933): App\Controllers\Joufando->coba()
 2 SYSTEMPATH/CodeIgniter.php(509): CodeIgniter\CodeIgniter->runController(Object(App\Controllers\Joufando))
 3 SYSTEMPATH/CodeIgniter.php(355): CodeIgniter\CodeIgniter->handleRequest(null, Object(Config\Cache), false)
 4 SYSTEMPATH/Boot.php(325): CodeIgniter\CodeIgniter->run()
 5 SYSTEMPATH/Boot.php(67): CodeIgniter\Boot::runCodeIgniter(Object(CodeIgniter\CodeIgniter))
 6 FCPATH/index.php(56): CodeIgniter\Boot::bootWeb(Object(Config\Paths))
 7 SYSTEMPATH/rewrite.php(44): require_once('/Applications/XAMPP/xamppfiles/htdocs/testlaciasmara/public/index.php')
CRITICAL - 2024-08-23 07:53:37 --> ArgumentCountError: Too few arguments to function App\Controllers\Joufando::coba(), 0 passed in /Applications/XAMPP/xamppfiles/htdocs/testlaciasmara/vendor/codeigniter4/framework/system/CodeIgniter.php on line 933 and exactly 1 expected
[Method: GET, Route: joufando/]
in APPPATH/Controllers/Joufando.php on line 12.
 1 SYSTEMPATH/CodeIgniter.php(933): App\Controllers\Joufando->coba()
 2 SYSTEMPATH/CodeIgniter.php(509): CodeIgniter\CodeIgniter->runController(Object(App\Controllers\Joufando))
 3 SYSTEMPATH/CodeIgniter.php(355): CodeIgniter\CodeIgniter->handleRequest(null, Object(Config\Cache), false)
 4 SYSTEMPATH/Boot.php(325): CodeIgniter\CodeIgniter->run()
 5 SYSTEMPATH/Boot.php(67): CodeIgniter\Boot::runCodeIgniter(Object(CodeIgniter\CodeIgniter))
 6 FCPATH/index.php(56): CodeIgniter\Boot::bootWeb(Object(Config\Paths))
 7 SYSTEMPATH/rewrite.php(44): require_once('/Applications/XAMPP/xamppfiles/htdocs/testlaciasmara/public/index.php')
CRITICAL - 2024-08-23 07:53:39 --> ArgumentCountError: Too few arguments to function App\Controllers\Joufando::coba(), 0 passed in /Applications/XAMPP/xamppfiles/htdocs/testlaciasmara/vendor/codeigniter4/framework/system/CodeIgniter.php on line 933 and exactly 1 expected
[Method: GET, Route: joufando/]
in APPPATH/Controllers/Joufando.php on line 12.
 1 SYSTEMPATH/CodeIgniter.php(933): App\Controllers\Joufando->coba()
 2 SYSTEMPATH/CodeIgniter.php(509): CodeIgniter\CodeIgniter->runController(Object(App\Controllers\Joufando))
 3 SYSTEMPATH/CodeIgniter.php(355): CodeIgniter\CodeIgniter->handleRequest(null, Object(Config\Cache), false)
 4 SYSTEMPATH/Boot.php(325): CodeIgniter\CodeIgniter->run()
 5 SYSTEMPATH/Boot.php(67): CodeIgniter\Boot::runCodeIgniter(Object(CodeIgniter\CodeIgniter))
 6 FCPATH/index.php(56): CodeIgniter\Boot::bootWeb(Object(Config\Paths))
 7 SYSTEMPATH/rewrite.php(44): require_once('/Applications/XAMPP/xamppfiles/htdocs/testlaciasmara/public/index.php')
CRITICAL - 2024-08-23 09:18:50 --> Error: Class "CodeIgniter\Database\PostgreSQL\Connection" not found
[Method: CLI, Route: migrate]
in SYSTEMPATH/Database/Database.php on line 139.
 1 SYSTEMPATH/Database/Database.php(57): CodeIgniter\Database\Database->initDriver('PostgreSQL', 'Connection', [...])
 2 SYSTEMPATH/Database/Config.php(84): CodeIgniter\Database\Database->load([...], 'default')
 3 SYSTEMPATH/Common.php(360): CodeIgniter\Database\Config::connect('default', true)
 4 SYSTEMPATH/Database/MigrationRunner.php(146): db_connect(null)
 5 SYSTEMPATH/Config/Services.php(421): CodeIgniter\Database\MigrationRunner->__construct(Object(Config\Migrations), null)
 6 SYSTEMPATH/Config/BaseService.php(312): CodeIgniter\Config\Services::migrations(Object(Config\Migrations), null, false)
 7 SYSTEMPATH/Config/BaseService.php(251): CodeIgniter\Config\BaseService::__callStatic('migrations', [...])
 8 SYSTEMPATH/Config/Services.php(416): CodeIgniter\Config\BaseService::getSharedInstance('migrations', null, null)
 9 SYSTEMPATH/Config/BaseService.php(321): CodeIgniter\Config\Services::migrations()
10 SYSTEMPATH/Config/BaseService.php(202): CodeIgniter\Config\BaseService::__callStatic('migrations', [])
11 SYSTEMPATH/Common.php(996): CodeIgniter\Config\BaseService::get('migrations')
12 SYSTEMPATH/Commands/Database/Migrate.php(70): service('migrations')
13 SYSTEMPATH/CLI/Commands.php(70): CodeIgniter\Commands\Database\Migrate->run([])
14 SYSTEMPATH/CLI/Console.php(48): CodeIgniter\CLI\Commands->run('migrate', [])
15 SYSTEMPATH/Boot.php(351): CodeIgniter\CLI\Console->run()
16 SYSTEMPATH/Boot.php(104): CodeIgniter\Boot::runCommand(Object(CodeIgniter\CLI\Console))
17 ROOTPATH/spark(84): CodeIgniter\Boot::bootSpark(Object(Config\Paths))
ERROR - 2024-08-23 09:21:05 --> Error connecting to the database: ErrorException: pg_connect(): Unable to connect to PostgreSQL server: connection to server at "localhost" (::1), port 5432 failed: FATAL:  database "test_laciasmara" does not exist in /Applications/XAMPP/xamppfiles/htdocs/testlaciasmara/vendor/codeigniter4/framework/system/Database/Postgre/Connection.php:77
Stack trace:
#0 [internal function]: CodeIgniter\Debug\Exceptions->errorHandler(2, 'pg_connect(): U...', '/Applications/X...', 77)
#1 /Applications/XAMPP/xamppfiles/htdocs/testlaciasmara/vendor/codeigniter4/framework/system/Database/Postgre/Connection.php(77): pg_connect('host=localhost ...')
#2 /Applications/XAMPP/xamppfiles/htdocs/testlaciasmara/vendor/codeigniter4/framework/system/Database/BaseConnection.php(421): CodeIgniter\Database\Postgre\Connection->connect(false)
#3 /Applications/XAMPP/xamppfiles/htdocs/testlaciasmara/vendor/codeigniter4/framework/system/Database/BaseConnection.php(616): CodeIgniter\Database\BaseConnection->initialize()
#4 /Applications/XAMPP/xamppfiles/htdocs/testlaciasmara/vendor/codeigniter4/framework/system/Database/BaseConnection.php(1485): CodeIgniter\Database\BaseConnection->query('SELECT "table_n...')
#5 /Applications/XAMPP/xamppfiles/htdocs/testlaciasmara/vendor/codeigniter4/framework/system/Database/BaseConnection.php(1505): CodeIgniter\Database\BaseConnection->listTables()
#6 /Applications/XAMPP/xamppfiles/htdocs/testlaciasmara/vendor/codeigniter4/framework/system/Database/MigrationRunner.php(759): CodeIgniter\Database\BaseConnection->tableExists('migrations')
#7 /Applications/XAMPP/xamppfiles/htdocs/testlaciasmara/vendor/codeigniter4/framework/system/Database/MigrationRunner.php(163): CodeIgniter\Database\MigrationRunner->ensureTable()
#8 /Applications/XAMPP/xamppfiles/htdocs/testlaciasmara/vendor/codeigniter4/framework/system/Commands/Database/Migrate.php(85): CodeIgniter\Database\MigrationRunner->latest(NULL)
#9 /Applications/XAMPP/xamppfiles/htdocs/testlaciasmara/vendor/codeigniter4/framework/system/CLI/Commands.php(70): CodeIgniter\Commands\Database\Migrate->run(Array)
#10 /Applications/XAMPP/xamppfiles/htdocs/testlaciasmara/vendor/codeigniter4/framework/system/CLI/Console.php(48): CodeIgniter\CLI\Commands->run('migrate', Array)
#11 /Applications/XAMPP/xamppfiles/htdocs/testlaciasmara/vendor/codeigniter4/framework/system/Boot.php(351): CodeIgniter\CLI\Console->run()
#12 /Applications/XAMPP/xamppfiles/htdocs/testlaciasmara/vendor/codeigniter4/framework/system/Boot.php(104): CodeIgniter\Boot::runCommand(Object(CodeIgniter\CLI\Console))
#13 /Applications/XAMPP/xamppfiles/htdocs/testlaciasmara/spark(84): CodeIgniter\Boot::bootSpark(Object(Config\Paths))
#14 {main}
CRITICAL - 2024-08-23 09:28:09 --> CodeIgniter\View\Exceptions\ViewException: Invalid file: "layouts/header.php"
[Method: GET, Route: pages/about]
in SYSTEMPATH/Exceptions/FrameworkException.php on line 41.
 1 SYSTEMPATH/View/View.php(222): CodeIgniter\Exceptions\FrameworkException::forInvalidFile('layouts/header.php')
 2 SYSTEMPATH/Common.php(1169): CodeIgniter\View\View->render('layouts/header', [], true)
 3 APPPATH/Controllers/Pages.php(14): view('layouts/header')
 4 SYSTEMPATH/CodeIgniter.php(933): App\Controllers\Pages->about()
 5 SYSTEMPATH/CodeIgniter.php(509): CodeIgniter\CodeIgniter->runController(Object(App\Controllers\Pages))
 6 SYSTEMPATH/CodeIgniter.php(355): CodeIgniter\CodeIgniter->handleRequest(null, Object(Config\Cache), false)
 7 SYSTEMPATH/Boot.php(325): CodeIgniter\CodeIgniter->run()
 8 SYSTEMPATH/Boot.php(67): CodeIgniter\Boot::runCodeIgniter(Object(CodeIgniter\CodeIgniter))
 9 FCPATH/index.php(56): CodeIgniter\Boot::bootWeb(Object(Config\Paths))
10 SYSTEMPATH/rewrite.php(44): require_once('/Applications/XAMPP/xamppfiles/htdocs/testlaciasmara/public/index.php')
CRITICAL - 2024-08-23 09:32:23 --> CodeIgniter\View\Exceptions\ViewException: Invalid file: "layouts/header.php"
[Method: GET, Route: pages/about]
in SYSTEMPATH/Exceptions/FrameworkException.php on line 41.
 1 SYSTEMPATH/View/View.php(222): CodeIgniter\Exceptions\FrameworkException::forInvalidFile('layouts/header.php')
 2 SYSTEMPATH/Common.php(1169): CodeIgniter\View\View->render('layouts/header', [], true)
 3 APPPATH/Controllers/Pages.php(14): view('layouts/header')
 4 SYSTEMPATH/CodeIgniter.php(933): App\Controllers\Pages->about()
 5 SYSTEMPATH/CodeIgniter.php(509): CodeIgniter\CodeIgniter->runController(Object(App\Controllers\Pages))
 6 SYSTEMPATH/CodeIgniter.php(355): CodeIgniter\CodeIgniter->handleRequest(null, Object(Config\Cache), false)
 7 SYSTEMPATH/Boot.php(325): CodeIgniter\CodeIgniter->run()
 8 SYSTEMPATH/Boot.php(67): CodeIgniter\Boot::runCodeIgniter(Object(CodeIgniter\CodeIgniter))
 9 FCPATH/index.php(56): CodeIgniter\Boot::bootWeb(Object(Config\Paths))
10 SYSTEMPATH/rewrite.php(44): require_once('/Applications/XAMPP/xamppfiles/htdocs/testlaciasmara/public/index.php')
ERROR - 2024-08-23 09:47:09 --> Error connecting to the database: mysqli_sql_exception: No such file or directory in /Applications/XAMPP/xamppfiles/htdocs/testlaciasmara/vendor/codeigniter4/framework/system/Database/MySQLi/Connection.php:186
Stack trace:
#0 /Applications/XAMPP/xamppfiles/htdocs/testlaciasmara/vendor/codeigniter4/framework/system/Database/MySQLi/Connection.php(186): mysqli->real_connect('localhost', '', Object(SensitiveParameterValue), '', 3306, '', 0)
#1 /Applications/XAMPP/xamppfiles/htdocs/testlaciasmara/vendor/codeigniter4/framework/system/Database/BaseConnection.php(421): CodeIgniter\Database\MySQLi\Connection->connect(false)
#2 /Applications/XAMPP/xamppfiles/htdocs/testlaciasmara/vendor/codeigniter4/framework/system/Database/BaseConnection.php(616): CodeIgniter\Database\BaseConnection->initialize()
#3 /Applications/XAMPP/xamppfiles/htdocs/testlaciasmara/vendor/codeigniter4/framework/system/Database/BaseBuilder.php(1728): CodeIgniter\Database\BaseConnection->query('SELECT COUNT(*)...', Array, false)
#4 /Applications/XAMPP/xamppfiles/htdocs/testlaciasmara/vendor/codeigniter4/framework/system/Model.php(678): CodeIgniter\Database\BaseBuilder->countAllResults(false)
#5 /Applications/XAMPP/xamppfiles/htdocs/testlaciasmara/vendor/codeigniter4/framework/system/BaseModel.php(1284): CodeIgniter\Model->countAllResults(false)
#6 /Applications/XAMPP/xamppfiles/htdocs/testlaciasmara/app/Controllers/User.php(17): CodeIgniter\BaseModel->paginate(10)
#7 /Applications/XAMPP/xamppfiles/htdocs/testlaciasmara/vendor/codeigniter4/framework/system/CodeIgniter.php(933): App\Controllers\User->index()
#8 /Applications/XAMPP/xamppfiles/htdocs/testlaciasmara/vendor/codeigniter4/framework/system/CodeIgniter.php(509): CodeIgniter\CodeIgniter->runController(Object(App\Controllers\User))
#9 /Applications/XAMPP/xamppfiles/htdocs/testlaciasmara/vendor/codeigniter4/framework/system/CodeIgniter.php(355): CodeIgniter\CodeIgniter->handleRequest(NULL, Object(Config\Cache), false)
#10 /Applications/XAMPP/xamppfiles/htdocs/testlaciasmara/vendor/codeigniter4/framework/system/Boot.php(325): CodeIgniter\CodeIgniter->run()
#11 /Applications/XAMPP/xamppfiles/htdocs/testlaciasmara/vendor/codeigniter4/framework/system/Boot.php(67): CodeIgniter\Boot::runCodeIgniter(Object(CodeIgniter\CodeIgniter))
#12 /Applications/XAMPP/xamppfiles/htdocs/testlaciasmara/public/index.php(56): CodeIgniter\Boot::bootWeb(Object(Config\Paths))
#13 /Applications/XAMPP/xamppfiles/htdocs/testlaciasmara/vendor/codeigniter4/framework/system/rewrite.php(44): require_once('/Applications/X...')
#14 {main}

Next CodeIgniter\Database\Exceptions\DatabaseException: No such file or directory in /Applications/XAMPP/xamppfiles/htdocs/testlaciasmara/vendor/codeigniter4/framework/system/Database/MySQLi/Connection.php:231
Stack trace:
#0 /Applications/XAMPP/xamppfiles/htdocs/testlaciasmara/vendor/codeigniter4/framework/system/Database/BaseConnection.php(421): CodeIgniter\Database\MySQLi\Connection->connect(false)
#1 /Applications/XAMPP/xamppfiles/htdocs/testlaciasmara/vendor/codeigniter4/framework/system/Database/BaseConnection.php(616): CodeIgniter\Database\BaseConnection->initialize()
#2 /Applications/XAMPP/xamppfiles/htdocs/testlaciasmara/vendor/codeigniter4/framework/system/Database/BaseBuilder.php(1728): CodeIgniter\Database\BaseConnection->query('SELECT COUNT(*)...', Array, false)
#3 /Applications/XAMPP/xamppfiles/htdocs/testlaciasmara/vendor/codeigniter4/framework/system/Model.php(678): CodeIgniter\Database\BaseBuilder->countAllResults(false)
#4 /Applications/XAMPP/xamppfiles/htdocs/testlaciasmara/vendor/codeigniter4/framework/system/BaseModel.php(1284): CodeIgniter\Model->countAllResults(false)
#5 /Applications/XAMPP/xamppfiles/htdocs/testlaciasmara/app/Controllers/User.php(17): CodeIgniter\BaseModel->paginate(10)
#6 /Applications/XAMPP/xamppfiles/htdocs/testlaciasmara/vendor/codeigniter4/framework/system/CodeIgniter.php(933): App\Controllers\User->index()
#7 /Applications/XAMPP/xamppfiles/htdocs/testlaciasmara/vendor/codeigniter4/framework/system/CodeIgniter.php(509): CodeIgniter\CodeIgniter->runController(Object(App\Controllers\User))
#8 /Applications/XAMPP/xamppfiles/htdocs/testlaciasmara/vendor/codeigniter4/framework/system/CodeIgniter.php(355): CodeIgniter\CodeIgniter->handleRequest(NULL, Object(Config\Cache), false)
#9 /Applications/XAMPP/xamppfiles/htdocs/testlaciasmara/vendor/codeigniter4/framework/system/Boot.php(325): CodeIgniter\CodeIgniter->run()
#10 /Applications/XAMPP/xamppfiles/htdocs/testlaciasmara/vendor/codeigniter4/framework/system/Boot.php(67): CodeIgniter\Boot::runCodeIgniter(Object(CodeIgniter\CodeIgniter))
#11 /Applications/XAMPP/xamppfiles/htdocs/testlaciasmara/public/index.php(56): CodeIgniter\Boot::bootWeb(Object(Config\Paths))
#12 /Applications/XAMPP/xamppfiles/htdocs/testlaciasmara/vendor/codeigniter4/framework/system/rewrite.php(44): require_once('/Applications/X...')
#13 {main}
CRITICAL - 2024-08-23 09:47:09 --> CodeIgniter\Database\Exceptions\DatabaseException: Unable to connect to the database.
Main connection [MySQLi]: No such file or directory
[Method: GET, Route: user]
in SYSTEMPATH/Database/BaseConnection.php on line 467.
 1 SYSTEMPATH/Database/BaseConnection.php(616): CodeIgniter\Database\BaseConnection->initialize()
 2 SYSTEMPATH/Database/BaseBuilder.php(1728): CodeIgniter\Database\BaseConnection->query('SELECT COUNT(*) AS `numrows`
FROM `users`', [], false)
 3 SYSTEMPATH/Model.php(678): CodeIgniter\Database\BaseBuilder->countAllResults(false)
 4 SYSTEMPATH/BaseModel.php(1284): CodeIgniter\Model->countAllResults(false)
 5 APPPATH/Controllers/User.php(17): CodeIgniter\BaseModel->paginate(10)
 6 SYSTEMPATH/CodeIgniter.php(933): App\Controllers\User->index()
 7 SYSTEMPATH/CodeIgniter.php(509): CodeIgniter\CodeIgniter->runController(Object(App\Controllers\User))
 8 SYSTEMPATH/CodeIgniter.php(355): CodeIgniter\CodeIgniter->handleRequest(null, Object(Config\Cache), false)
 9 SYSTEMPATH/Boot.php(325): CodeIgniter\CodeIgniter->run()
10 SYSTEMPATH/Boot.php(67): CodeIgniter\Boot::runCodeIgniter(Object(CodeIgniter\CodeIgniter))
11 FCPATH/index.php(56): CodeIgniter\Boot::bootWeb(Object(Config\Paths))
12 SYSTEMPATH/rewrite.php(44): require_once('/Applications/XAMPP/xamppfiles/htdocs/testlaciasmara/public/index.php')
ERROR - 2024-08-23 09:53:59 --> Error connecting to the database: ErrorException: pg_connect(): Unable to connect to PostgreSQL server: connection to server at "localhost" (::1), port 5432 failed: FATAL:  database "laci_asmara" does not exist in /Applications/XAMPP/xamppfiles/htdocs/testlaciasmara/vendor/codeigniter4/framework/system/Database/Postgre/Connection.php:77
Stack trace:
#0 [internal function]: CodeIgniter\Debug\Exceptions->errorHandler(2, 'pg_connect(): U...', '/Applications/X...', 77)
#1 /Applications/XAMPP/xamppfiles/htdocs/testlaciasmara/vendor/codeigniter4/framework/system/Database/Postgre/Connection.php(77): pg_connect('host=localhost ...')
#2 /Applications/XAMPP/xamppfiles/htdocs/testlaciasmara/vendor/codeigniter4/framework/system/Database/BaseConnection.php(421): CodeIgniter\Database\Postgre\Connection->connect(false)
#3 /Applications/XAMPP/xamppfiles/htdocs/testlaciasmara/vendor/codeigniter4/framework/system/Database/BaseConnection.php(616): CodeIgniter\Database\BaseConnection->initialize()
#4 /Applications/XAMPP/xamppfiles/htdocs/testlaciasmara/vendor/codeigniter4/framework/system/Database/BaseConnection.php(1485): CodeIgniter\Database\BaseConnection->query('SELECT "table_n...')
#5 /Applications/XAMPP/xamppfiles/htdocs/testlaciasmara/vendor/codeigniter4/framework/system/Database/BaseConnection.php(1505): CodeIgniter\Database\BaseConnection->listTables()
#6 /Applications/XAMPP/xamppfiles/htdocs/testlaciasmara/vendor/codeigniter4/framework/system/Database/MigrationRunner.php(759): CodeIgniter\Database\BaseConnection->tableExists('migrations')
#7 /Applications/XAMPP/xamppfiles/htdocs/testlaciasmara/vendor/codeigniter4/framework/system/Database/MigrationRunner.php(163): CodeIgniter\Database\MigrationRunner->ensureTable()
#8 /Applications/XAMPP/xamppfiles/htdocs/testlaciasmara/vendor/codeigniter4/framework/system/Commands/Database/Migrate.php(85): CodeIgniter\Database\MigrationRunner->latest(NULL)
#9 /Applications/XAMPP/xamppfiles/htdocs/testlaciasmara/vendor/codeigniter4/framework/system/CLI/Commands.php(70): CodeIgniter\Commands\Database\Migrate->run(Array)
#10 /Applications/XAMPP/xamppfiles/htdocs/testlaciasmara/vendor/codeigniter4/framework/system/CLI/Console.php(48): CodeIgniter\CLI\Commands->run('migrate', Array)
#11 /Applications/XAMPP/xamppfiles/htdocs/testlaciasmara/vendor/codeigniter4/framework/system/Boot.php(351): CodeIgniter\CLI\Console->run()
#12 /Applications/XAMPP/xamppfiles/htdocs/testlaciasmara/vendor/codeigniter4/framework/system/Boot.php(104): CodeIgniter\Boot::runCommand(Object(CodeIgniter\CLI\Console))
#13 /Applications/XAMPP/xamppfiles/htdocs/testlaciasmara/spark(84): CodeIgniter\Boot::bootSpark(Object(Config\Paths))
#14 {main}
ERROR - 2024-08-23 09:53:59 --> Error connecting to the database: ErrorException: pg_connect(): Unable to connect to PostgreSQL server: connection to server at "localhost" (::1), port 5432 failed: FATAL:  database "laci_asmara" does not exist in /Applications/XAMPP/xamppfiles/htdocs/testlaciasmara/vendor/codeigniter4/framework/system/Database/Postgre/Connection.php:77
Stack trace:
#0 [internal function]: CodeIgniter\Debug\Exceptions->errorHandler(2, 'pg_connect(): U...', '/Applications/X...', 77)
#1 /Applications/XAMPP/xamppfiles/htdocs/testlaciasmara/vendor/codeigniter4/framework/system/Database/Postgre/Connection.php(77): pg_connect('host=localhost ...')
#2 /Applications/XAMPP/xamppfiles/htdocs/testlaciasmara/vendor/codeigniter4/framework/system/Database/BaseConnection.php(421): CodeIgniter\Database\Postgre\Connection->connect(false)
#3 /Applications/XAMPP/xamppfiles/htdocs/testlaciasmara/vendor/codeigniter4/framework/system/Database/Database.php(68): CodeIgniter\Database\BaseConnection->initialize()
#4 /Applications/XAMPP/xamppfiles/htdocs/testlaciasmara/vendor/codeigniter4/framework/system/Database/Config.php(111): CodeIgniter\Database\Database->loadForge(Object(CodeIgniter\Database\Postgre\Connection))
#5 /Applications/XAMPP/xamppfiles/htdocs/testlaciasmara/vendor/codeigniter4/framework/system/Database/Seeder.php(98): CodeIgniter\Database\Config::forge(NULL)
#6 /Applications/XAMPP/xamppfiles/htdocs/testlaciasmara/vendor/codeigniter4/framework/system/Commands/Database/Seed.php(71): CodeIgniter\Database\Seeder->__construct(Object(Config\Database))
#7 /Applications/XAMPP/xamppfiles/htdocs/testlaciasmara/vendor/codeigniter4/framework/system/CLI/Commands.php(70): CodeIgniter\Commands\Database\Seed->run(Array)
#8 /Applications/XAMPP/xamppfiles/htdocs/testlaciasmara/vendor/codeigniter4/framework/system/CLI/Console.php(48): CodeIgniter\CLI\Commands->run('db:seed', Array)
#9 /Applications/XAMPP/xamppfiles/htdocs/testlaciasmara/vendor/codeigniter4/framework/system/Boot.php(351): CodeIgniter\CLI\Console->run()
#10 /Applications/XAMPP/xamppfiles/htdocs/testlaciasmara/vendor/codeigniter4/framework/system/Boot.php(104): CodeIgniter\Boot::runCommand(Object(CodeIgniter\CLI\Console))
#11 /Applications/XAMPP/xamppfiles/htdocs/testlaciasmara/spark(84): CodeIgniter\Boot::bootSpark(Object(Config\Paths))
#12 {main}
CRITICAL - 2024-08-23 09:53:59 --> CodeIgniter\Database\Exceptions\DatabaseException: Unable to connect to the database.
Main connection [Postgre]: pg_connect(): Unable to connect to PostgreSQL server: connection to server at "localhost" (::1), port 5432 failed: FATAL:  database "laci_asmara" does not exist
[Method: CLI, Route: db:seed]
in SYSTEMPATH/Database/BaseConnection.php on line 467.
 1 SYSTEMPATH/Database/Database.php(68): CodeIgniter\Database\BaseConnection->initialize()
 2 SYSTEMPATH/Database/Config.php(111): CodeIgniter\Database\Database->loadForge(Object(CodeIgniter\Database\Postgre\Connection))
 3 SYSTEMPATH/Database/Seeder.php(98): CodeIgniter\Database\Config::forge(null)
 4 SYSTEMPATH/Commands/Database/Seed.php(71): CodeIgniter\Database\Seeder->__construct(Object(Config\Database))
 5 SYSTEMPATH/CLI/Commands.php(70): CodeIgniter\Commands\Database\Seed->run([])
 6 SYSTEMPATH/CLI/Console.php(48): CodeIgniter\CLI\Commands->run('db:seed', [])
 7 SYSTEMPATH/Boot.php(351): CodeIgniter\CLI\Console->run()
 8 SYSTEMPATH/Boot.php(104): CodeIgniter\Boot::runCommand(Object(CodeIgniter\CLI\Console))
 9 ROOTPATH/spark(84): CodeIgniter\Boot::bootSpark(Object(Config\Paths))
CRITICAL - 2024-08-23 10:21:21 --> Error: Call to undefined function set_value()
[Method: GET, Route: user/create]
in APPPATH/Views/user_create.php on line 17.
 1 SYSTEMPATH/View/View.php(234): include()
 2 SYSTEMPATH/View/View.php(237): CodeIgniter\View\View->CodeIgniter\View\{closure}()
 3 SYSTEMPATH/Common.php(1169): CodeIgniter\View\View->render('user_create', [], true)
 4 APPPATH/Controllers/User.php(25): view('user_create')
 5 SYSTEMPATH/CodeIgniter.php(933): App\Controllers\User->create()
 6 SYSTEMPATH/CodeIgniter.php(509): CodeIgniter\CodeIgniter->runController(Object(App\Controllers\User))
 7 SYSTEMPATH/CodeIgniter.php(355): CodeIgniter\CodeIgniter->handleRequest(null, Object(Config\Cache), false)
 8 SYSTEMPATH/Boot.php(325): CodeIgniter\CodeIgniter->run()
 9 SYSTEMPATH/Boot.php(67): CodeIgniter\Boot::runCodeIgniter(Object(CodeIgniter\CodeIgniter))
10 FCPATH/index.php(56): CodeIgniter\Boot::bootWeb(Object(Config\Paths))
11 SYSTEMPATH/rewrite.php(44): require_once('/Applications/XAMPP/xamppfiles/htdocs/testlaciasmara/public/index.php')
CRITICAL - 2024-08-23 10:21:48 --> Error: Call to undefined function set_value()
[Method: GET, Route: user/create]
in APPPATH/Views/user_create.php on line 17.
 1 SYSTEMPATH/View/View.php(234): include()
 2 SYSTEMPATH/View/View.php(237): CodeIgniter\View\View->CodeIgniter\View\{closure}()
 3 SYSTEMPATH/Common.php(1169): CodeIgniter\View\View->render('user_create', [], true)
 4 APPPATH/Controllers/User.php(25): view('user_create')
 5 SYSTEMPATH/CodeIgniter.php(933): App\Controllers\User->create()
 6 SYSTEMPATH/CodeIgniter.php(509): CodeIgniter\CodeIgniter->runController(Object(App\Controllers\User))
 7 SYSTEMPATH/CodeIgniter.php(355): CodeIgniter\CodeIgniter->handleRequest(null, Object(Config\Cache), false)
 8 SYSTEMPATH/Boot.php(325): CodeIgniter\CodeIgniter->run()
 9 SYSTEMPATH/Boot.php(67): CodeIgniter\Boot::runCodeIgniter(Object(CodeIgniter\CodeIgniter))
10 FCPATH/index.php(56): CodeIgniter\Boot::bootWeb(Object(Config\Paths))
11 SYSTEMPATH/rewrite.php(44): require_once('/Applications/XAMPP/xamppfiles/htdocs/testlaciasmara/public/index.php')
CRITICAL - 2024-08-23 10:27:03 --> Error: Call to undefined function set_value()
[Method: GET, Route: user/create]
in APPPATH/Views/user_create.php on line 98.
 1 SYSTEMPATH/View/View.php(234): include()
 2 SYSTEMPATH/View/View.php(237): CodeIgniter\View\View->CodeIgniter\View\{closure}()
 3 SYSTEMPATH/Common.php(1169): CodeIgniter\View\View->render('user_create', [], true)
 4 APPPATH/Controllers/User.php(25): view('user_create')
 5 SYSTEMPATH/CodeIgniter.php(933): App\Controllers\User->create()
 6 SYSTEMPATH/CodeIgniter.php(509): CodeIgniter\CodeIgniter->runController(Object(App\Controllers\User))
 7 SYSTEMPATH/CodeIgniter.php(355): CodeIgniter\CodeIgniter->handleRequest(null, Object(Config\Cache), false)
 8 SYSTEMPATH/Boot.php(325): CodeIgniter\CodeIgniter->run()
 9 SYSTEMPATH/Boot.php(67): CodeIgniter\Boot::runCodeIgniter(Object(CodeIgniter\CodeIgniter))
10 FCPATH/index.php(56): CodeIgniter\Boot::bootWeb(Object(Config\Paths))
11 SYSTEMPATH/rewrite.php(44): require_once('/Applications/XAMPP/xamppfiles/htdocs/testlaciasmara/public/index.php')
CRITICAL - 2024-08-23 10:37:55 --> CodeIgniter\View\Exceptions\ViewException: Invalid file: "user/create.php"
[Method: GET, Route: user/create]
in SYSTEMPATH/Exceptions/FrameworkException.php on line 41.
 1 SYSTEMPATH/View/View.php(222): CodeIgniter\Exceptions\FrameworkException::forInvalidFile('user/create.php')
 2 SYSTEMPATH/Common.php(1169): CodeIgniter\View\View->render('user/create', [], true)
 3 APPPATH/Controllers/User.php(25): view('user/create')
 4 SYSTEMPATH/CodeIgniter.php(933): App\Controllers\User->create()
 5 SYSTEMPATH/CodeIgniter.php(509): CodeIgniter\CodeIgniter->runController(Object(App\Controllers\User))
 6 SYSTEMPATH/CodeIgniter.php(355): CodeIgniter\CodeIgniter->handleRequest(null, Object(Config\Cache), false)
 7 SYSTEMPATH/Boot.php(325): CodeIgniter\CodeIgniter->run()
 8 SYSTEMPATH/Boot.php(67): CodeIgniter\Boot::runCodeIgniter(Object(CodeIgniter\CodeIgniter))
 9 FCPATH/index.php(56): CodeIgniter\Boot::bootWeb(Object(Config\Paths))
10 SYSTEMPATH/rewrite.php(44): require_once('/Applications/XAMPP/xamppfiles/htdocs/testlaciasmara/public/index.php')
CRITICAL - 2024-08-23 10:43:15 --> Error: Call to undefined function set_value()
[Method: GET, Route: user/create]
in APPPATH/Views/user_create.php on line 98.
 1 SYSTEMPATH/View/View.php(234): include()
 2 SYSTEMPATH/View/View.php(237): CodeIgniter\View\View->CodeIgniter\View\{closure}()
 3 SYSTEMPATH/Common.php(1169): CodeIgniter\View\View->render('user_create', [], true)
 4 APPPATH/Controllers/User.php(25): view('user_create')
 5 SYSTEMPATH/CodeIgniter.php(933): App\Controllers\User->create()
 6 SYSTEMPATH/CodeIgniter.php(509): CodeIgniter\CodeIgniter->runController(Object(App\Controllers\User))
 7 SYSTEMPATH/CodeIgniter.php(355): CodeIgniter\CodeIgniter->handleRequest(null, Object(Config\Cache), false)
 8 SYSTEMPATH/Boot.php(325): CodeIgniter\CodeIgniter->run()
 9 SYSTEMPATH/Boot.php(67): CodeIgniter\Boot::runCodeIgniter(Object(CodeIgniter\CodeIgniter))
10 FCPATH/index.php(56): CodeIgniter\Boot::bootWeb(Object(Config\Paths))
11 SYSTEMPATH/rewrite.php(44): require_once('/Applications/XAMPP/xamppfiles/htdocs/testlaciasmara/public/index.php')
INFO - 2024-08-23 10:45:29 --> Session: Class initialized using 'CodeIgniter\Session\Handlers\FileHandler' driver.
CRITICAL - 2024-08-23 10:45:48 --> Error: Call to undefined function set_value()
[Method: GET, Route: user/edit/2]
in APPPATH/Views/user_edit.php on line 18.
 1 SYSTEMPATH/View/View.php(234): include()
 2 SYSTEMPATH/View/View.php(237): CodeIgniter\View\View->CodeIgniter\View\{closure}()
 3 SYSTEMPATH/Common.php(1169): CodeIgniter\View\View->render('user_edit', [], true)
 4 APPPATH/Controllers/User.php(57): view('user_edit', [...])
 5 SYSTEMPATH/CodeIgniter.php(933): App\Controllers\User->edit('2')
 6 SYSTEMPATH/CodeIgniter.php(509): CodeIgniter\CodeIgniter->runController(Object(App\Controllers\User))
 7 SYSTEMPATH/CodeIgniter.php(355): CodeIgniter\CodeIgniter->handleRequest(null, Object(Config\Cache), false)
 8 SYSTEMPATH/Boot.php(325): CodeIgniter\CodeIgniter->run()
 9 SYSTEMPATH/Boot.php(67): CodeIgniter\Boot::runCodeIgniter(Object(CodeIgniter\CodeIgniter))
10 FCPATH/index.php(56): CodeIgniter\Boot::bootWeb(Object(Config\Paths))
11 SYSTEMPATH/rewrite.php(44): require_once('/Applications/XAMPP/xamppfiles/htdocs/testlaciasmara/public/index.php')
INFO - 2024-08-23 10:48:26 --> Session: Class initialized using 'CodeIgniter\Session\Handlers\FileHandler' driver.
INFO - 2024-08-23 10:52:54 --> Session: Class initialized using 'CodeIgniter\Session\Handlers\FileHandler' driver.
INFO - 2024-08-23 10:54:15 --> Session: Class initialized using 'CodeIgniter\Session\Handlers\FileHandler' driver.
INFO - 2024-08-23 10:54:15 --> Session: Class initialized using 'CodeIgniter\Session\Handlers\FileHandler' driver.
INFO - 2024-08-23 10:55:01 --> Session: Class initialized using 'CodeIgniter\Session\Handlers\FileHandler' driver.
